* using log directory '/Users/mpastell/data/rwork/Animal/Animal.Rcheck'
* using R version 2.8.1 (2008-12-22)
* using session charset: ASCII
* checking for file 'Animal/DESCRIPTION' ... OK
* checking extension type ... Package
* this is package 'Animal' version '1.01'
* checking package dependencies ... OK
* checking if this is a source package ... OK
* checking for executable files ... OK
* checking whether package 'Animal' can be installed ... OK
* checking package directory ... OK
* checking for portable file names ... OK
* checking for sufficient/correct file permissions ... OK
* checking DESCRIPTION meta-information ... OK
* checking top-level files ... OK
* checking index information ... OK
* checking package subdirectories ... OK
* checking R files for non-ASCII characters ... OK
* checking R files for syntax errors ... OK
* checking whether the package can be loaded ... OK
* checking whether the package can be loaded with stated dependencies ... OK
* checking for unstated dependencies in R code ... OK
* checking S3 generic/method consistency ... OK
* checking replacement functions ... OK
* checking foreign function calls ... OK
* checking R code for possible problems ... NOTE
bouts.RIC: no visible binding for global variable 'begin'
bouts.RIC: no visible binding for global variable 'intake'
bouts.RIC: no visible binding for global variable 'duration'
* checking Rd files ... OK
* checking Rd cross-references ... OK
* checking for missing documentation entries ... OK
* checking for code/documentation mismatches ... OK
* checking Rd \usage sections ... OK
* checking data for non-ASCII characters ... OK
* creating Animal-Ex.R ... OK
* checking examples ... OK
* creating Animal-manual.tex ... OK
* checking Animal-manual.tex using pdflatex ... OK
