* Installing *source* package 'Animal' ...
** R
** data
** inst
** preparing package for lazy loading
** help
 >>> Building/Updating help pages for package 'Animal'
     Formats: text html latex example 
  RIC                               text    html    latex
  bouts.RIC                         text    html    latex   example
  clean.RIC                         text    html    latex   example
  cowAnalyze                        text    html    latex   example
  daily                             text    html    latex   example
  day                               text    html    latex   example
Note: removing empty section \details in file 'day.string.Rd'
  day.string                        text    html    latex   example
Note: removing empty section \details in file 'delete.duplicates.Rd'
  delete.duplicates                 text    html    latex
  freq.count                        text    html    latex
  hour                              text    html    latex   example
  hourly                            text    html    latex   example
Note: removing empty section \references in file 'label.data.Rd'
Note: removing empty section \examples in file 'label.data.Rd'
  label.data                        text    html    latex
  month                             text    html    latex   example
  monthly                           text    html    latex   example
  nunique                           text    html    latex   example
  partOfDay                         text    html    latex   example
  read.RIC                          text    html    latex   example
  state.durations                   text    html    latex
  week                              text    html    latex   example
  weekly                            text    html    latex   example
** building package indices ...
* DONE (Animal)
