\BOOKMARK [1][-]{Rfn.bouts.RIC.1}{bouts.RIC}{}
\BOOKMARK [1][-]{Rfn.clean.RIC.1}{clean.RIC}{}
\BOOKMARK [1][-]{Rfn.cowAnalyze.1}{cowAnalyze}{}
\BOOKMARK [1][-]{Rfn.daily.1}{daily}{}
\BOOKMARK [1][-]{Rfn.day.string.1}{day.string}{}
\BOOKMARK [1][-]{Rfn.day.1}{day}{}
\BOOKMARK [1][-]{Rfn.delete.duplicates.1}{delete.duplicates}{}
\BOOKMARK [1][-]{Rfn.freq.count.1}{freq.count}{}
\BOOKMARK [1][-]{Rfn.hour.1}{hour}{}
\BOOKMARK [1][-]{Rfn.hourly.1}{hourly}{}
\BOOKMARK [1][-]{Rfn.label.data.1}{label.data}{}
\BOOKMARK [1][-]{Rfn.month.1}{month}{}
\BOOKMARK [1][-]{Rfn.monthly.1}{monthly}{}
\BOOKMARK [1][-]{Rfn.nunique.1}{nunique}{}
\BOOKMARK [1][-]{Rfn.partOfDay.1}{partOfDay}{}
\BOOKMARK [1][-]{Rfn.read.RIC.1}{read.RIC}{}
\BOOKMARK [1][-]{Rfn.RIC.1}{RIC}{}
\BOOKMARK [1][-]{Rfn.state.durations.1}{state.durations}{}
\BOOKMARK [1][-]{Rfn.week.1}{week}{}
\BOOKMARK [1][-]{Rfn.weekly.1}{weekly}{}
